INFO - 2024-11-13 09:13:01 --> Session: Class initialized using 'CodeIgniter\Session\Handlers\FileHandler' driver.
INFO - 2024-11-13 09:13:01 --> Session: Class initialized using 'CodeIgniter\Session\Handlers\FileHandler' driver.
INFO - 2024-11-13 09:13:13 --> Session: Class initialized using 'CodeIgniter\Session\Handlers\FileHandler' driver.
INFO - 2024-11-13 09:13:14 --> Session: Class initialized using 'CodeIgniter\Session\Handlers\FileHandler' driver.
INFO - 2024-11-13 09:13:54 --> Session: Class initialized using 'CodeIgniter\Session\Handlers\FileHandler' driver.
INFO - 2024-11-13 09:21:29 --> Session: Class initialized using 'CodeIgniter\Session\Handlers\FileHandler' driver.
INFO - 2024-11-13 09:35:19 --> Session: Class initialized using 'CodeIgniter\Session\Handlers\FileHandler' driver.
INFO - 2024-11-13 09:35:21 --> Session: Class initialized using 'CodeIgniter\Session\Handlers\FileHandler' driver.
INFO - 2024-11-13 09:35:21 --> Session: Class initialized using 'CodeIgniter\Session\Handlers\FileHandler' driver.
INFO - 2024-11-13 09:36:01 --> Session: Class initialized using 'CodeIgniter\Session\Handlers\FileHandler' driver.
INFO - 2024-11-13 09:36:27 --> Session: Class initialized using 'CodeIgniter\Session\Handlers\FileHandler' driver.
INFO - 2024-11-13 09:36:50 --> Session: Class initialized using 'CodeIgniter\Session\Handlers\FileHandler' driver.
INFO - 2024-11-13 09:36:50 --> Session: Class initialized using 'CodeIgniter\Session\Handlers\FileHandler' driver.
INFO - 2024-11-13 09:36:53 --> Session: Class initialized using 'CodeIgniter\Session\Handlers\FileHandler' driver.
INFO - 2024-11-13 09:37:00 --> Session: Class initialized using 'CodeIgniter\Session\Handlers\FileHandler' driver.
INFO - 2024-11-13 09:37:02 --> Session: Class initialized using 'CodeIgniter\Session\Handlers\FileHandler' driver.
INFO - 2024-11-13 09:38:11 --> Session: Class initialized using 'CodeIgniter\Session\Handlers\FileHandler' driver.
INFO - 2024-11-13 09:38:14 --> Session: Class initialized using 'CodeIgniter\Session\Handlers\FileHandler' driver.
INFO - 2024-11-13 09:38:14 --> Session: Class initialized using 'CodeIgniter\Session\Handlers\FileHandler' driver.
INFO - 2024-11-13 09:38:21 --> Session: Class initialized using 'CodeIgniter\Session\Handlers\FileHandler' driver.
INFO - 2024-11-13 09:39:50 --> Session: Class initialized using 'CodeIgniter\Session\Handlers\FileHandler' driver.
INFO - 2024-11-13 09:39:51 --> Session: Class initialized using 'CodeIgniter\Session\Handlers\FileHandler' driver.
INFO - 2024-11-13 09:39:52 --> Session: Class initialized using 'CodeIgniter\Session\Handlers\FileHandler' driver.
INFO - 2024-11-13 09:39:55 --> Session: Class initialized using 'CodeIgniter\Session\Handlers\FileHandler' driver.
INFO - 2024-11-13 09:39:59 --> Session: Class initialized using 'CodeIgniter\Session\Handlers\FileHandler' driver.
INFO - 2024-11-13 09:40:00 --> Session: Class initialized using 'CodeIgniter\Session\Handlers\FileHandler' driver.
INFO - 2024-11-13 09:41:27 --> Session: Class initialized using 'CodeIgniter\Session\Handlers\FileHandler' driver.
INFO - 2024-11-13 09:41:29 --> Session: Class initialized using 'CodeIgniter\Session\Handlers\FileHandler' driver.
INFO - 2024-11-13 09:41:34 --> Session: Class initialized using 'CodeIgniter\Session\Handlers\FileHandler' driver.
INFO - 2024-11-13 09:41:34 --> Session: Class initialized using 'CodeIgniter\Session\Handlers\FileHandler' driver.
INFO - 2024-11-13 09:41:40 --> Session: Class initialized using 'CodeIgniter\Session\Handlers\FileHandler' driver.
INFO - 2024-11-13 09:42:17 --> Session: Class initialized using 'CodeIgniter\Session\Handlers\FileHandler' driver.
INFO - 2024-11-13 09:42:20 --> Session: Class initialized using 'CodeIgniter\Session\Handlers\FileHandler' driver.
INFO - 2024-11-13 09:42:23 --> Session: Class initialized using 'CodeIgniter\Session\Handlers\FileHandler' driver.
INFO - 2024-11-13 09:42:29 --> Session: Class initialized using 'CodeIgniter\Session\Handlers\FileHandler' driver.
INFO - 2024-11-13 09:42:32 --> Session: Class initialized using 'CodeIgniter\Session\Handlers\FileHandler' driver.
INFO - 2024-11-13 09:42:33 --> Session: Class initialized using 'CodeIgniter\Session\Handlers\FileHandler' driver.
INFO - 2024-11-13 09:43:00 --> Session: Class initialized using 'CodeIgniter\Session\Handlers\FileHandler' driver.
INFO - 2024-11-13 09:43:00 --> Session: Class initialized using 'CodeIgniter\Session\Handlers\FileHandler' driver.
INFO - 2024-11-13 09:43:01 --> Session: Class initialized using 'CodeIgniter\Session\Handlers\FileHandler' driver.
INFO - 2024-11-13 09:43:07 --> Session: Class initialized using 'CodeIgniter\Session\Handlers\FileHandler' driver.
INFO - 2024-11-13 09:43:08 --> Session: Class initialized using 'CodeIgniter\Session\Handlers\FileHandler' driver.
INFO - 2024-11-13 09:43:15 --> Session: Class initialized using 'CodeIgniter\Session\Handlers\FileHandler' driver.
INFO - 2024-11-13 09:43:16 --> Session: Class initialized using 'CodeIgniter\Session\Handlers\FileHandler' driver.
INFO - 2024-11-13 09:43:25 --> Session: Class initialized using 'CodeIgniter\Session\Handlers\FileHandler' driver.
INFO - 2024-11-13 09:43:25 --> Session: Class initialized using 'CodeIgniter\Session\Handlers\FileHandler' driver.
INFO - 2024-11-13 09:43:28 --> Session: Class initialized using 'CodeIgniter\Session\Handlers\FileHandler' driver.
INFO - 2024-11-13 09:43:33 --> Session: Class initialized using 'CodeIgniter\Session\Handlers\FileHandler' driver.
INFO - 2024-11-13 09:43:37 --> Session: Class initialized using 'CodeIgniter\Session\Handlers\FileHandler' driver.
INFO - 2024-11-13 09:43:45 --> Session: Class initialized using 'CodeIgniter\Session\Handlers\FileHandler' driver.
INFO - 2024-11-13 09:43:47 --> Session: Class initialized using 'CodeIgniter\Session\Handlers\FileHandler' driver.
INFO - 2024-11-13 09:43:55 --> Session: Class initialized using 'CodeIgniter\Session\Handlers\FileHandler' driver.
INFO - 2024-11-13 09:44:02 --> Session: Class initialized using 'CodeIgniter\Session\Handlers\FileHandler' driver.
INFO - 2024-11-13 09:46:38 --> Session: Class initialized using 'CodeIgniter\Session\Handlers\FileHandler' driver.
INFO - 2024-11-13 09:46:39 --> Session: Class initialized using 'CodeIgniter\Session\Handlers\FileHandler' driver.
INFO - 2024-11-13 09:46:40 --> Session: Class initialized using 'CodeIgniter\Session\Handlers\FileHandler' driver.
INFO - 2024-11-13 09:48:17 --> Session: Class initialized using 'CodeIgniter\Session\Handlers\FileHandler' driver.
INFO - 2024-11-13 09:48:21 --> Session: Class initialized using 'CodeIgniter\Session\Handlers\FileHandler' driver.
INFO - 2024-11-13 09:48:28 --> Session: Class initialized using 'CodeIgniter\Session\Handlers\FileHandler' driver.
INFO - 2024-11-13 09:49:02 --> Session: Class initialized using 'CodeIgniter\Session\Handlers\FileHandler' driver.
INFO - 2024-11-13 09:49:05 --> Session: Class initialized using 'CodeIgniter\Session\Handlers\FileHandler' driver.
INFO - 2024-11-13 09:49:16 --> Session: Class initialized using 'CodeIgniter\Session\Handlers\FileHandler' driver.
INFO - 2024-11-13 09:49:19 --> Session: Class initialized using 'CodeIgniter\Session\Handlers\FileHandler' driver.
INFO - 2024-11-13 09:49:25 --> Session: Class initialized using 'CodeIgniter\Session\Handlers\FileHandler' driver.
INFO - 2024-11-13 09:50:52 --> Session: Class initialized using 'CodeIgniter\Session\Handlers\FileHandler' driver.
INFO - 2024-11-13 09:52:07 --> Session: Class initialized using 'CodeIgniter\Session\Handlers\FileHandler' driver.
INFO - 2024-11-13 09:52:20 --> Session: Class initialized using 'CodeIgniter\Session\Handlers\FileHandler' driver.
INFO - 2024-11-13 09:52:21 --> Session: Class initialized using 'CodeIgniter\Session\Handlers\FileHandler' driver.
INFO - 2024-11-13 09:52:22 --> Session: Class initialized using 'CodeIgniter\Session\Handlers\FileHandler' driver.
INFO - 2024-11-13 09:52:43 --> Session: Class initialized using 'CodeIgniter\Session\Handlers\FileHandler' driver.
INFO - 2024-11-13 09:52:44 --> Session: Class initialized using 'CodeIgniter\Session\Handlers\FileHandler' driver.
INFO - 2024-11-13 09:53:42 --> Session: Class initialized using 'CodeIgniter\Session\Handlers\FileHandler' driver.
INFO - 2024-11-13 09:53:44 --> Session: Class initialized using 'CodeIgniter\Session\Handlers\FileHandler' driver.
INFO - 2024-11-13 09:53:59 --> Session: Class initialized using 'CodeIgniter\Session\Handlers\FileHandler' driver.
INFO - 2024-11-13 09:54:05 --> Session: Class initialized using 'CodeIgniter\Session\Handlers\FileHandler' driver.
INFO - 2024-11-13 09:54:48 --> Session: Class initialized using 'CodeIgniter\Session\Handlers\FileHandler' driver.
INFO - 2024-11-13 09:54:50 --> Session: Class initialized using 'CodeIgniter\Session\Handlers\FileHandler' driver.
INFO - 2024-11-13 09:54:59 --> Session: Class initialized using 'CodeIgniter\Session\Handlers\FileHandler' driver.
INFO - 2024-11-13 09:55:05 --> Session: Class initialized using 'CodeIgniter\Session\Handlers\FileHandler' driver.
INFO - 2024-11-13 09:55:08 --> Session: Class initialized using 'CodeIgniter\Session\Handlers\FileHandler' driver.
INFO - 2024-11-13 09:55:11 --> Session: Class initialized using 'CodeIgniter\Session\Handlers\FileHandler' driver.
INFO - 2024-11-13 09:56:00 --> Session: Class initialized using 'CodeIgniter\Session\Handlers\FileHandler' driver.
INFO - 2024-11-13 09:56:05 --> Session: Class initialized using 'CodeIgniter\Session\Handlers\FileHandler' driver.
INFO - 2024-11-13 09:56:09 --> Session: Class initialized using 'CodeIgniter\Session\Handlers\FileHandler' driver.
INFO - 2024-11-13 09:56:57 --> Session: Class initialized using 'CodeIgniter\Session\Handlers\FileHandler' driver.
INFO - 2024-11-13 09:56:59 --> Session: Class initialized using 'CodeIgniter\Session\Handlers\FileHandler' driver.
INFO - 2024-11-13 09:57:03 --> Session: Class initialized using 'CodeIgniter\Session\Handlers\FileHandler' driver.
INFO - 2024-11-13 09:57:06 --> Session: Class initialized using 'CodeIgniter\Session\Handlers\FileHandler' driver.
INFO - 2024-11-13 09:57:32 --> Session: Class initialized using 'CodeIgniter\Session\Handlers\FileHandler' driver.
INFO - 2024-11-13 09:57:33 --> Session: Class initialized using 'CodeIgniter\Session\Handlers\FileHandler' driver.
INFO - 2024-11-13 09:57:38 --> Session: Class initialized using 'CodeIgniter\Session\Handlers\FileHandler' driver.
INFO - 2024-11-13 09:57:41 --> Session: Class initialized using 'CodeIgniter\Session\Handlers\FileHandler' driver.
INFO - 2024-11-13 09:57:51 --> Session: Class initialized using 'CodeIgniter\Session\Handlers\FileHandler' driver.
INFO - 2024-11-13 09:58:10 --> Session: Class initialized using 'CodeIgniter\Session\Handlers\FileHandler' driver.
INFO - 2024-11-13 09:58:12 --> Session: Class initialized using 'CodeIgniter\Session\Handlers\FileHandler' driver.
INFO - 2024-11-13 09:58:16 --> Session: Class initialized using 'CodeIgniter\Session\Handlers\FileHandler' driver.
INFO - 2024-11-13 09:58:17 --> Session: Class initialized using 'CodeIgniter\Session\Handlers\FileHandler' driver.
INFO - 2024-11-13 09:59:00 --> Session: Class initialized using 'CodeIgniter\Session\Handlers\FileHandler' driver.
INFO - 2024-11-13 09:59:08 --> Session: Class initialized using 'CodeIgniter\Session\Handlers\FileHandler' driver.
INFO - 2024-11-13 09:59:14 --> Session: Class initialized using 'CodeIgniter\Session\Handlers\FileHandler' driver.
INFO - 2024-11-13 09:59:16 --> Session: Class initialized using 'CodeIgniter\Session\Handlers\FileHandler' driver.
INFO - 2024-11-13 09:59:22 --> Session: Class initialized using 'CodeIgniter\Session\Handlers\FileHandler' driver.
INFO - 2024-11-13 09:59:23 --> Session: Class initialized using 'CodeIgniter\Session\Handlers\FileHandler' driver.
INFO - 2024-11-13 09:59:23 --> Session: Class initialized using 'CodeIgniter\Session\Handlers\FileHandler' driver.
INFO - 2024-11-13 09:59:29 --> Session: Class initialized using 'CodeIgniter\Session\Handlers\FileHandler' driver.
INFO - 2024-11-13 09:59:30 --> Session: Class initialized using 'CodeIgniter\Session\Handlers\FileHandler' driver.
INFO - 2024-11-13 09:59:36 --> Session: Class initialized using 'CodeIgniter\Session\Handlers\FileHandler' driver.
INFO - 2024-11-13 09:59:37 --> Session: Class initialized using 'CodeIgniter\Session\Handlers\FileHandler' driver.
INFO - 2024-11-13 09:59:41 --> Session: Class initialized using 'CodeIgniter\Session\Handlers\FileHandler' driver.
INFO - 2024-11-13 09:59:43 --> Session: Class initialized using 'CodeIgniter\Session\Handlers\FileHandler' driver.
INFO - 2024-11-13 09:59:43 --> Session: Class initialized using 'CodeIgniter\Session\Handlers\FileHandler' driver.
INFO - 2024-11-13 10:02:02 --> Session: Class initialized using 'CodeIgniter\Session\Handlers\FileHandler' driver.
INFO - 2024-11-13 10:02:10 --> Session: Class initialized using 'CodeIgniter\Session\Handlers\FileHandler' driver.
INFO - 2024-11-13 10:02:12 --> Session: Class initialized using 'CodeIgniter\Session\Handlers\FileHandler' driver.
INFO - 2024-11-13 10:02:34 --> Session: Class initialized using 'CodeIgniter\Session\Handlers\FileHandler' driver.
ERROR - 2024-11-13 10:02:34 --> mysqli_sql_exception: Unknown column 'keterangan' in 'field list' in C:\xampp\htdocs\qakalkual\system\Database\MySQLi\Connection.php:312
Stack trace:
#0 C:\xampp\htdocs\qakalkual\system\Database\MySQLi\Connection.php(312): mysqli->query('INSERT INTO `da...', 0)
#1 C:\xampp\htdocs\qakalkual\system\Database\BaseConnection.php(734): CodeIgniter\Database\MySQLi\Connection->execute('INSERT INTO `da...')
#2 C:\xampp\htdocs\qakalkual\system\Database\BaseConnection.php(648): CodeIgniter\Database\BaseConnection->simpleQuery('INSERT INTO `da...')
#3 C:\xampp\htdocs\qakalkual\system\Database\BaseBuilder.php(2340): CodeIgniter\Database\BaseConnection->query('INSERT INTO `da...', Array, false)
#4 C:\xampp\htdocs\qakalkual\app\Models\Data_Admin.php(46): CodeIgniter\Database\BaseBuilder->insert(Array)
#5 C:\xampp\htdocs\qakalkual\app\Controllers\Admin_QA.php(104): App\Models\Data_Admin->submitbarangbaru(Array)
#6 C:\xampp\htdocs\qakalkual\system\CodeIgniter.php(933): App\Controllers\Admin_QA->submitbarangbaruadmin()
#7 C:\xampp\htdocs\qakalkual\system\CodeIgniter.php(509): CodeIgniter\CodeIgniter->runController(Object(App\Controllers\Admin_QA))
#8 C:\xampp\htdocs\qakalkual\system\CodeIgniter.php(355): CodeIgniter\CodeIgniter->handleRequest(NULL, Object(Config\Cache), false)
#9 C:\xampp\htdocs\qakalkual\system\Boot.php(325): CodeIgniter\CodeIgniter->run()
#10 C:\xampp\htdocs\qakalkual\system\Boot.php(67): CodeIgniter\Boot::runCodeIgniter(Object(CodeIgniter\CodeIgniter))
#11 C:\xampp\htdocs\qakalkual\public\index.php(56): CodeIgniter\Boot::bootWeb(Object(Config\Paths))
#12 C:\xampp\htdocs\qakalkual\system\rewrite.php(44): require_once('C:\\xampp\\htdocs...')
#13 {main}
CRITICAL - 2024-11-13 10:02:34 --> CodeIgniter\Database\Exceptions\DatabaseException: Unknown column 'keterangan' in 'field list'
[Method: GET, Route: submitbarangbaruadmin]
in SYSTEMPATH\Database\BaseConnection.php on line 688.
 1 SYSTEMPATH\Database\BaseBuilder.php(2340): CodeIgniter\Database\BaseConnection->query('INSERT INTO `databarang_admin` (`kodebarang`, `namabarang`, `satuan`, `jumlah`, `nama`, `tanggal`, `tanggal_datang`, `keterangan`) VALUES (:kodebarang:, :namabarang:, :satuan:, :jumlah:, :nama:, :tanggal:, :tanggal_datang:, :keterangan:)', [...], false)
 2 APPPATH\Models\Data_Admin.php(46): CodeIgniter\Database\BaseBuilder->insert([...])
 3 APPPATH\Controllers\Admin_QA.php(104): App\Models\Data_Admin->submitbarangbaru([...])
 4 SYSTEMPATH\CodeIgniter.php(933): App\Controllers\Admin_QA->submitbarangbaruadmin()
 5 SYSTEMPATH\CodeIgniter.php(509): CodeIgniter\CodeIgniter->runController(Object(App\Controllers\Admin_QA))
 6 SYSTEMPATH\CodeIgniter.php(355): CodeIgniter\CodeIgniter->handleRequest(null, Object(Config\Cache), false)
 7 SYSTEMPATH\Boot.php(325): CodeIgniter\CodeIgniter->run()
 8 SYSTEMPATH\Boot.php(67): CodeIgniter\Boot::runCodeIgniter(Object(CodeIgniter\CodeIgniter))
 9 FCPATH\index.php(56): CodeIgniter\Boot::bootWeb(Object(Config\Paths))
10 SYSTEMPATH\rewrite.php(44): require_once('C:\\xampp\\htdocs\\qakalkual\\public\\index.php')
CRITICAL - 2024-11-13 10:02:34 --> [Caused by] CodeIgniter\Database\Exceptions\DatabaseException: Unknown column 'keterangan' in 'field list'
in SYSTEMPATH\Database\MySQLi\Connection.php on line 317.
 1 SYSTEMPATH\Database\BaseConnection.php(734): CodeIgniter\Database\MySQLi\Connection->execute('INSERT INTO `databarang_admin` (`kodebarang`, `namabarang`, `satuan`, `jumlah`, `nama`, `tanggal`, `tanggal_datang`, `keterangan`) VALUES (\'pengarisabc\', \'Baterai\', \'Pcs\', \'2\', \'Aisyah Novianti\', \'2024-11-13T17:02\', \'2024-11-12\', \'kalibrasi\')')
 2 SYSTEMPATH\Database\BaseConnection.php(648): CodeIgniter\Database\BaseConnection->simpleQuery('INSERT INTO `databarang_admin` (`kodebarang`, `namabarang`, `satuan`, `jumlah`, `nama`, `tanggal`, `tanggal_datang`, `keterangan`) VALUES (\'pengarisabc\', \'Baterai\', \'Pcs\', \'2\', \'Aisyah Novianti\', \'2024-11-13T17:02\', \'2024-11-12\', \'kalibrasi\')')
 3 SYSTEMPATH\Database\BaseBuilder.php(2340): CodeIgniter\Database\BaseConnection->query('INSERT INTO `databarang_admin` (`kodebarang`, `namabarang`, `satuan`, `jumlah`, `nama`, `tanggal`, `tanggal_datang`, `keterangan`) VALUES (:kodebarang:, :namabarang:, :satuan:, :jumlah:, :nama:, :tanggal:, :tanggal_datang:, :keterangan:)', [...], false)
 4 APPPATH\Models\Data_Admin.php(46): CodeIgniter\Database\BaseBuilder->insert([...])
 5 APPPATH\Controllers\Admin_QA.php(104): App\Models\Data_Admin->submitbarangbaru([...])
 6 SYSTEMPATH\CodeIgniter.php(933): App\Controllers\Admin_QA->submitbarangbaruadmin()
 7 SYSTEMPATH\CodeIgniter.php(509): CodeIgniter\CodeIgniter->runController(Object(App\Controllers\Admin_QA))
 8 SYSTEMPATH\CodeIgniter.php(355): CodeIgniter\CodeIgniter->handleRequest(null, Object(Config\Cache), false)
 9 SYSTEMPATH\Boot.php(325): CodeIgniter\CodeIgniter->run()
10 SYSTEMPATH\Boot.php(67): CodeIgniter\Boot::runCodeIgniter(Object(CodeIgniter\CodeIgniter))
11 FCPATH\index.php(56): CodeIgniter\Boot::bootWeb(Object(Config\Paths))
12 SYSTEMPATH\rewrite.php(44): require_once('C:\\xampp\\htdocs\\qakalkual\\public\\index.php')
CRITICAL - 2024-11-13 10:02:34 --> [Caused by] mysqli_sql_exception: Unknown column 'keterangan' in 'field list'
in SYSTEMPATH\Database\MySQLi\Connection.php on line 312.
 1 SYSTEMPATH\Database\MySQLi\Connection.php(312): mysqli->query('INSERT INTO `databarang_admin` (`kodebarang`, `namabarang`, `satuan`, `jumlah`, `nama`, `tanggal`, `tanggal_datang`, `keterangan`) VALUES (\'pengarisabc\', \'Baterai\', \'Pcs\', \'2\', \'Aisyah Novianti\', \'2024-11-13T17:02\', \'2024-11-12\', \'kalibrasi\')', 0)
 2 SYSTEMPATH\Database\BaseConnection.php(734): CodeIgniter\Database\MySQLi\Connection->execute('INSERT INTO `databarang_admin` (`kodebarang`, `namabarang`, `satuan`, `jumlah`, `nama`, `tanggal`, `tanggal_datang`, `keterangan`) VALUES (\'pengarisabc\', \'Baterai\', \'Pcs\', \'2\', \'Aisyah Novianti\', \'2024-11-13T17:02\', \'2024-11-12\', \'kalibrasi\')')
 3 SYSTEMPATH\Database\BaseConnection.php(648): CodeIgniter\Database\BaseConnection->simpleQuery('INSERT INTO `databarang_admin` (`kodebarang`, `namabarang`, `satuan`, `jumlah`, `nama`, `tanggal`, `tanggal_datang`, `keterangan`) VALUES (\'pengarisabc\', \'Baterai\', \'Pcs\', \'2\', \'Aisyah Novianti\', \'2024-11-13T17:02\', \'2024-11-12\', \'kalibrasi\')')
 4 SYSTEMPATH\Database\BaseBuilder.php(2340): CodeIgniter\Database\BaseConnection->query('INSERT INTO `databarang_admin` (`kodebarang`, `namabarang`, `satuan`, `jumlah`, `nama`, `tanggal`, `tanggal_datang`, `keterangan`) VALUES (:kodebarang:, :namabarang:, :satuan:, :jumlah:, :nama:, :tanggal:, :tanggal_datang:, :keterangan:)', [...], false)
 5 APPPATH\Models\Data_Admin.php(46): CodeIgniter\Database\BaseBuilder->insert([...])
 6 APPPATH\Controllers\Admin_QA.php(104): App\Models\Data_Admin->submitbarangbaru([...])
 7 SYSTEMPATH\CodeIgniter.php(933): App\Controllers\Admin_QA->submitbarangbaruadmin()
 8 SYSTEMPATH\CodeIgniter.php(509): CodeIgniter\CodeIgniter->runController(Object(App\Controllers\Admin_QA))
 9 SYSTEMPATH\CodeIgniter.php(355): CodeIgniter\CodeIgniter->handleRequest(null, Object(Config\Cache), false)
10 SYSTEMPATH\Boot.php(325): CodeIgniter\CodeIgniter->run()
11 SYSTEMPATH\Boot.php(67): CodeIgniter\Boot::runCodeIgniter(Object(CodeIgniter\CodeIgniter))
12 FCPATH\index.php(56): CodeIgniter\Boot::bootWeb(Object(Config\Paths))
13 SYSTEMPATH\rewrite.php(44): require_once('C:\\xampp\\htdocs\\qakalkual\\public\\index.php')
INFO - 2024-11-13 10:03:50 --> Session: Class initialized using 'CodeIgniter\Session\Handlers\FileHandler' driver.
ERROR - 2024-11-13 10:03:50 --> mysqli_sql_exception: Duplicate entry '0' for key 'PRIMARY' in C:\xampp\htdocs\qakalkual\system\Database\MySQLi\Connection.php:312
Stack trace:
#0 C:\xampp\htdocs\qakalkual\system\Database\MySQLi\Connection.php(312): mysqli->query('INSERT INTO `da...', 0)
#1 C:\xampp\htdocs\qakalkual\system\Database\BaseConnection.php(734): CodeIgniter\Database\MySQLi\Connection->execute('INSERT INTO `da...')
#2 C:\xampp\htdocs\qakalkual\system\Database\BaseConnection.php(648): CodeIgniter\Database\BaseConnection->simpleQuery('INSERT INTO `da...')
#3 C:\xampp\htdocs\qakalkual\system\Database\BaseBuilder.php(2340): CodeIgniter\Database\BaseConnection->query('INSERT INTO `da...', Array, false)
#4 C:\xampp\htdocs\qakalkual\app\Models\Data_Admin.php(46): CodeIgniter\Database\BaseBuilder->insert(Array)
#5 C:\xampp\htdocs\qakalkual\app\Controllers\Admin_QA.php(101): App\Models\Data_Admin->submitbarangbaru(Array)
#6 C:\xampp\htdocs\qakalkual\system\CodeIgniter.php(933): App\Controllers\Admin_QA->submitbarangbaruadmin()
#7 C:\xampp\htdocs\qakalkual\system\CodeIgniter.php(509): CodeIgniter\CodeIgniter->runController(Object(App\Controllers\Admin_QA))
#8 C:\xampp\htdocs\qakalkual\system\CodeIgniter.php(355): CodeIgniter\CodeIgniter->handleRequest(NULL, Object(Config\Cache), false)
#9 C:\xampp\htdocs\qakalkual\system\Boot.php(325): CodeIgniter\CodeIgniter->run()
#10 C:\xampp\htdocs\qakalkual\system\Boot.php(67): CodeIgniter\Boot::runCodeIgniter(Object(CodeIgniter\CodeIgniter))
#11 C:\xampp\htdocs\qakalkual\public\index.php(56): CodeIgniter\Boot::bootWeb(Object(Config\Paths))
#12 C:\xampp\htdocs\qakalkual\system\rewrite.php(44): require_once('C:\\xampp\\htdocs...')
#13 {main}
CRITICAL - 2024-11-13 10:03:50 --> CodeIgniter\Database\Exceptions\DatabaseException: Duplicate entry '0' for key 'PRIMARY'
[Method: GET, Route: submitbarangbaruadmin]
in SYSTEMPATH\Database\BaseConnection.php on line 688.
 1 SYSTEMPATH\Database\BaseBuilder.php(2340): CodeIgniter\Database\BaseConnection->query('INSERT INTO `databarang_admin` (`kodebarang`, `namabarang`, `satuan`, `jumlah`, `nama`, `tanggal`, `tanggal_datang`) VALUES (:kodebarang:, :namabarang:, :satuan:, :jumlah:, :nama:, :tanggal:, :tanggal_datang:)', [...], false)
 2 APPPATH\Models\Data_Admin.php(46): CodeIgniter\Database\BaseBuilder->insert([...])
 3 APPPATH\Controllers\Admin_QA.php(101): App\Models\Data_Admin->submitbarangbaru([...])
 4 SYSTEMPATH\CodeIgniter.php(933): App\Controllers\Admin_QA->submitbarangbaruadmin()
 5 SYSTEMPATH\CodeIgniter.php(509): CodeIgniter\CodeIgniter->runController(Object(App\Controllers\Admin_QA))
 6 SYSTEMPATH\CodeIgniter.php(355): CodeIgniter\CodeIgniter->handleRequest(null, Object(Config\Cache), false)
 7 SYSTEMPATH\Boot.php(325): CodeIgniter\CodeIgniter->run()
 8 SYSTEMPATH\Boot.php(67): CodeIgniter\Boot::runCodeIgniter(Object(CodeIgniter\CodeIgniter))
 9 FCPATH\index.php(56): CodeIgniter\Boot::bootWeb(Object(Config\Paths))
10 SYSTEMPATH\rewrite.php(44): require_once('C:\\xampp\\htdocs\\qakalkual\\public\\index.php')
CRITICAL - 2024-11-13 10:03:50 --> [Caused by] CodeIgniter\Database\Exceptions\DatabaseException: Duplicate entry '0' for key 'PRIMARY'
in SYSTEMPATH\Database\MySQLi\Connection.php on line 317.
 1 SYSTEMPATH\Database\BaseConnection.php(734): CodeIgniter\Database\MySQLi\Connection->execute('INSERT INTO `databarang_admin` (`kodebarang`, `namabarang`, `satuan`, `jumlah`, `nama`, `tanggal`, `tanggal_datang`) VALUES (\'pengarisabc\', \'Baterai\', \'Pcs\', \'2\', \'Aisyah Novianti\', \'2024-11-13T17:02\', \'2024-11-12\')')
 2 SYSTEMPATH\Database\BaseConnection.php(648): CodeIgniter\Database\BaseConnection->simpleQuery('INSERT INTO `databarang_admin` (`kodebarang`, `namabarang`, `satuan`, `jumlah`, `nama`, `tanggal`, `tanggal_datang`) VALUES (\'pengarisabc\', \'Baterai\', \'Pcs\', \'2\', \'Aisyah Novianti\', \'2024-11-13T17:02\', \'2024-11-12\')')
 3 SYSTEMPATH\Database\BaseBuilder.php(2340): CodeIgniter\Database\BaseConnection->query('INSERT INTO `databarang_admin` (`kodebarang`, `namabarang`, `satuan`, `jumlah`, `nama`, `tanggal`, `tanggal_datang`) VALUES (:kodebarang:, :namabarang:, :satuan:, :jumlah:, :nama:, :tanggal:, :tanggal_datang:)', [...], false)
 4 APPPATH\Models\Data_Admin.php(46): CodeIgniter\Database\BaseBuilder->insert([...])
 5 APPPATH\Controllers\Admin_QA.php(101): App\Models\Data_Admin->submitbarangbaru([...])
 6 SYSTEMPATH\CodeIgniter.php(933): App\Controllers\Admin_QA->submitbarangbaruadmin()
 7 SYSTEMPATH\CodeIgniter.php(509): CodeIgniter\CodeIgniter->runController(Object(App\Controllers\Admin_QA))
 8 SYSTEMPATH\CodeIgniter.php(355): CodeIgniter\CodeIgniter->handleRequest(null, Object(Config\Cache), false)
 9 SYSTEMPATH\Boot.php(325): CodeIgniter\CodeIgniter->run()
10 SYSTEMPATH\Boot.php(67): CodeIgniter\Boot::runCodeIgniter(Object(CodeIgniter\CodeIgniter))
11 FCPATH\index.php(56): CodeIgniter\Boot::bootWeb(Object(Config\Paths))
12 SYSTEMPATH\rewrite.php(44): require_once('C:\\xampp\\htdocs\\qakalkual\\public\\index.php')
CRITICAL - 2024-11-13 10:03:50 --> [Caused by] mysqli_sql_exception: Duplicate entry '0' for key 'PRIMARY'
in SYSTEMPATH\Database\MySQLi\Connection.php on line 312.
 1 SYSTEMPATH\Database\MySQLi\Connection.php(312): mysqli->query('INSERT INTO `databarang_admin` (`kodebarang`, `namabarang`, `satuan`, `jumlah`, `nama`, `tanggal`, `tanggal_datang`) VALUES (\'pengarisabc\', \'Baterai\', \'Pcs\', \'2\', \'Aisyah Novianti\', \'2024-11-13T17:02\', \'2024-11-12\')', 0)
 2 SYSTEMPATH\Database\BaseConnection.php(734): CodeIgniter\Database\MySQLi\Connection->execute('INSERT INTO `databarang_admin` (`kodebarang`, `namabarang`, `satuan`, `jumlah`, `nama`, `tanggal`, `tanggal_datang`) VALUES (\'pengarisabc\', \'Baterai\', \'Pcs\', \'2\', \'Aisyah Novianti\', \'2024-11-13T17:02\', \'2024-11-12\')')
 3 SYSTEMPATH\Database\BaseConnection.php(648): CodeIgniter\Database\BaseConnection->simpleQuery('INSERT INTO `databarang_admin` (`kodebarang`, `namabarang`, `satuan`, `jumlah`, `nama`, `tanggal`, `tanggal_datang`) VALUES (\'pengarisabc\', \'Baterai\', \'Pcs\', \'2\', \'Aisyah Novianti\', \'2024-11-13T17:02\', \'2024-11-12\')')
 4 SYSTEMPATH\Database\BaseBuilder.php(2340): CodeIgniter\Database\BaseConnection->query('INSERT INTO `databarang_admin` (`kodebarang`, `namabarang`, `satuan`, `jumlah`, `nama`, `tanggal`, `tanggal_datang`) VALUES (:kodebarang:, :namabarang:, :satuan:, :jumlah:, :nama:, :tanggal:, :tanggal_datang:)', [...], false)
 5 APPPATH\Models\Data_Admin.php(46): CodeIgniter\Database\BaseBuilder->insert([...])
 6 APPPATH\Controllers\Admin_QA.php(101): App\Models\Data_Admin->submitbarangbaru([...])
 7 SYSTEMPATH\CodeIgniter.php(933): App\Controllers\Admin_QA->submitbarangbaruadmin()
 8 SYSTEMPATH\CodeIgniter.php(509): CodeIgniter\CodeIgniter->runController(Object(App\Controllers\Admin_QA))
 9 SYSTEMPATH\CodeIgniter.php(355): CodeIgniter\CodeIgniter->handleRequest(null, Object(Config\Cache), false)
10 SYSTEMPATH\Boot.php(325): CodeIgniter\CodeIgniter->run()
11 SYSTEMPATH\Boot.php(67): CodeIgniter\Boot::runCodeIgniter(Object(CodeIgniter\CodeIgniter))
12 FCPATH\index.php(56): CodeIgniter\Boot::bootWeb(Object(Config\Paths))
13 SYSTEMPATH\rewrite.php(44): require_once('C:\\xampp\\htdocs\\qakalkual\\public\\index.php')
INFO - 2024-11-13 10:03:58 --> Session: Class initialized using 'CodeIgniter\Session\Handlers\FileHandler' driver.
ERROR - 2024-11-13 10:03:58 --> mysqli_sql_exception: Duplicate entry '0' for key 'PRIMARY' in C:\xampp\htdocs\qakalkual\system\Database\MySQLi\Connection.php:312
Stack trace:
#0 C:\xampp\htdocs\qakalkual\system\Database\MySQLi\Connection.php(312): mysqli->query('INSERT INTO `da...', 0)
#1 C:\xampp\htdocs\qakalkual\system\Database\BaseConnection.php(734): CodeIgniter\Database\MySQLi\Connection->execute('INSERT INTO `da...')
#2 C:\xampp\htdocs\qakalkual\system\Database\BaseConnection.php(648): CodeIgniter\Database\BaseConnection->simpleQuery('INSERT INTO `da...')
#3 C:\xampp\htdocs\qakalkual\system\Database\BaseBuilder.php(2340): CodeIgniter\Database\BaseConnection->query('INSERT INTO `da...', Array, false)
#4 C:\xampp\htdocs\qakalkual\app\Models\Data_Admin.php(46): CodeIgniter\Database\BaseBuilder->insert(Array)
#5 C:\xampp\htdocs\qakalkual\app\Controllers\Admin_QA.php(101): App\Models\Data_Admin->submitbarangbaru(Array)
#6 C:\xampp\htdocs\qakalkual\system\CodeIgniter.php(933): App\Controllers\Admin_QA->submitbarangbaruadmin()
#7 C:\xampp\htdocs\qakalkual\system\CodeIgniter.php(509): CodeIgniter\CodeIgniter->runController(Object(App\Controllers\Admin_QA))
#8 C:\xampp\htdocs\qakalkual\system\CodeIgniter.php(355): CodeIgniter\CodeIgniter->handleRequest(NULL, Object(Config\Cache), false)
#9 C:\xampp\htdocs\qakalkual\system\Boot.php(325): CodeIgniter\CodeIgniter->run()
#10 C:\xampp\htdocs\qakalkual\system\Boot.php(67): CodeIgniter\Boot::runCodeIgniter(Object(CodeIgniter\CodeIgniter))
#11 C:\xampp\htdocs\qakalkual\public\index.php(56): CodeIgniter\Boot::bootWeb(Object(Config\Paths))
#12 C:\xampp\htdocs\qakalkual\system\rewrite.php(44): require_once('C:\\xampp\\htdocs...')
#13 {main}
CRITICAL - 2024-11-13 10:03:58 --> CodeIgniter\Database\Exceptions\DatabaseException: Duplicate entry '0' for key 'PRIMARY'
[Method: GET, Route: submitbarangbaruadmin]
in SYSTEMPATH\Database\BaseConnection.php on line 688.
 1 SYSTEMPATH\Database\BaseBuilder.php(2340): CodeIgniter\Database\BaseConnection->query('INSERT INTO `databarang_admin` (`kodebarang`, `namabarang`, `satuan`, `jumlah`, `nama`, `tanggal`, `tanggal_datang`) VALUES (:kodebarang:, :namabarang:, :satuan:, :jumlah:, :nama:, :tanggal:, :tanggal_datang:)', [...], false)
 2 APPPATH\Models\Data_Admin.php(46): CodeIgniter\Database\BaseBuilder->insert([...])
 3 APPPATH\Controllers\Admin_QA.php(101): App\Models\Data_Admin->submitbarangbaru([...])
 4 SYSTEMPATH\CodeIgniter.php(933): App\Controllers\Admin_QA->submitbarangbaruadmin()
 5 SYSTEMPATH\CodeIgniter.php(509): CodeIgniter\CodeIgniter->runController(Object(App\Controllers\Admin_QA))
 6 SYSTEMPATH\CodeIgniter.php(355): CodeIgniter\CodeIgniter->handleRequest(null, Object(Config\Cache), false)
 7 SYSTEMPATH\Boot.php(325): CodeIgniter\CodeIgniter->run()
 8 SYSTEMPATH\Boot.php(67): CodeIgniter\Boot::runCodeIgniter(Object(CodeIgniter\CodeIgniter))
 9 FCPATH\index.php(56): CodeIgniter\Boot::bootWeb(Object(Config\Paths))
10 SYSTEMPATH\rewrite.php(44): require_once('C:\\xampp\\htdocs\\qakalkual\\public\\index.php')
CRITICAL - 2024-11-13 10:03:58 --> [Caused by] CodeIgniter\Database\Exceptions\DatabaseException: Duplicate entry '0' for key 'PRIMARY'
in SYSTEMPATH\Database\MySQLi\Connection.php on line 317.
 1 SYSTEMPATH\Database\BaseConnection.php(734): CodeIgniter\Database\MySQLi\Connection->execute('INSERT INTO `databarang_admin` (`kodebarang`, `namabarang`, `satuan`, `jumlah`, `nama`, `tanggal`, `tanggal_datang`) VALUES (\'pengarisabc\', \'Baterai\', \'Pcs\', \'2\', \'Aisyah Novianti\', \'2024-11-13T17:02\', \'2024-11-12\')')
 2 SYSTEMPATH\Database\BaseConnection.php(648): CodeIgniter\Database\BaseConnection->simpleQuery('INSERT INTO `databarang_admin` (`kodebarang`, `namabarang`, `satuan`, `jumlah`, `nama`, `tanggal`, `tanggal_datang`) VALUES (\'pengarisabc\', \'Baterai\', \'Pcs\', \'2\', \'Aisyah Novianti\', \'2024-11-13T17:02\', \'2024-11-12\')')
 3 SYSTEMPATH\Database\BaseBuilder.php(2340): CodeIgniter\Database\BaseConnection->query('INSERT INTO `databarang_admin` (`kodebarang`, `namabarang`, `satuan`, `jumlah`, `nama`, `tanggal`, `tanggal_datang`) VALUES (:kodebarang:, :namabarang:, :satuan:, :jumlah:, :nama:, :tanggal:, :tanggal_datang:)', [...], false)
 4 APPPATH\Models\Data_Admin.php(46): CodeIgniter\Database\BaseBuilder->insert([...])
 5 APPPATH\Controllers\Admin_QA.php(101): App\Models\Data_Admin->submitbarangbaru([...])
 6 SYSTEMPATH\CodeIgniter.php(933): App\Controllers\Admin_QA->submitbarangbaruadmin()
 7 SYSTEMPATH\CodeIgniter.php(509): CodeIgniter\CodeIgniter->runController(Object(App\Controllers\Admin_QA))
 8 SYSTEMPATH\CodeIgniter.php(355): CodeIgniter\CodeIgniter->handleRequest(null, Object(Config\Cache), false)
 9 SYSTEMPATH\Boot.php(325): CodeIgniter\CodeIgniter->run()
10 SYSTEMPATH\Boot.php(67): CodeIgniter\Boot::runCodeIgniter(Object(CodeIgniter\CodeIgniter))
11 FCPATH\index.php(56): CodeIgniter\Boot::bootWeb(Object(Config\Paths))
12 SYSTEMPATH\rewrite.php(44): require_once('C:\\xampp\\htdocs\\qakalkual\\public\\index.php')
CRITICAL - 2024-11-13 10:03:58 --> [Caused by] mysqli_sql_exception: Duplicate entry '0' for key 'PRIMARY'
in SYSTEMPATH\Database\MySQLi\Connection.php on line 312.
 1 SYSTEMPATH\Database\MySQLi\Connection.php(312): mysqli->query('INSERT INTO `databarang_admin` (`kodebarang`, `namabarang`, `satuan`, `jumlah`, `nama`, `tanggal`, `tanggal_datang`) VALUES (\'pengarisabc\', \'Baterai\', \'Pcs\', \'2\', \'Aisyah Novianti\', \'2024-11-13T17:02\', \'2024-11-12\')', 0)
 2 SYSTEMPATH\Database\BaseConnection.php(734): CodeIgniter\Database\MySQLi\Connection->execute('INSERT INTO `databarang_admin` (`kodebarang`, `namabarang`, `satuan`, `jumlah`, `nama`, `tanggal`, `tanggal_datang`) VALUES (\'pengarisabc\', \'Baterai\', \'Pcs\', \'2\', \'Aisyah Novianti\', \'2024-11-13T17:02\', \'2024-11-12\')')
 3 SYSTEMPATH\Database\BaseConnection.php(648): CodeIgniter\Database\BaseConnection->simpleQuery('INSERT INTO `databarang_admin` (`kodebarang`, `namabarang`, `satuan`, `jumlah`, `nama`, `tanggal`, `tanggal_datang`) VALUES (\'pengarisabc\', \'Baterai\', \'Pcs\', \'2\', \'Aisyah Novianti\', \'2024-11-13T17:02\', \'2024-11-12\')')
 4 SYSTEMPATH\Database\BaseBuilder.php(2340): CodeIgniter\Database\BaseConnection->query('INSERT INTO `databarang_admin` (`kodebarang`, `namabarang`, `satuan`, `jumlah`, `nama`, `tanggal`, `tanggal_datang`) VALUES (:kodebarang:, :namabarang:, :satuan:, :jumlah:, :nama:, :tanggal:, :tanggal_datang:)', [...], false)
 5 APPPATH\Models\Data_Admin.php(46): CodeIgniter\Database\BaseBuilder->insert([...])
 6 APPPATH\Controllers\Admin_QA.php(101): App\Models\Data_Admin->submitbarangbaru([...])
 7 SYSTEMPATH\CodeIgniter.php(933): App\Controllers\Admin_QA->submitbarangbaruadmin()
 8 SYSTEMPATH\CodeIgniter.php(509): CodeIgniter\CodeIgniter->runController(Object(App\Controllers\Admin_QA))
 9 SYSTEMPATH\CodeIgniter.php(355): CodeIgniter\CodeIgniter->handleRequest(null, Object(Config\Cache), false)
10 SYSTEMPATH\Boot.php(325): CodeIgniter\CodeIgniter->run()
11 SYSTEMPATH\Boot.php(67): CodeIgniter\Boot::runCodeIgniter(Object(CodeIgniter\CodeIgniter))
12 FCPATH\index.php(56): CodeIgniter\Boot::bootWeb(Object(Config\Paths))
13 SYSTEMPATH\rewrite.php(44): require_once('C:\\xampp\\htdocs\\qakalkual\\public\\index.php')
INFO - 2024-11-13 10:04:00 --> Session: Class initialized using 'CodeIgniter\Session\Handlers\FileHandler' driver.
INFO - 2024-11-13 10:04:04 --> Session: Class initialized using 'CodeIgniter\Session\Handlers\FileHandler' driver.
ERROR - 2024-11-13 10:04:04 --> mysqli_sql_exception: Duplicate entry '0' for key 'PRIMARY' in C:\xampp\htdocs\qakalkual\system\Database\MySQLi\Connection.php:312
Stack trace:
#0 C:\xampp\htdocs\qakalkual\system\Database\MySQLi\Connection.php(312): mysqli->query('INSERT INTO `da...', 0)
#1 C:\xampp\htdocs\qakalkual\system\Database\BaseConnection.php(734): CodeIgniter\Database\MySQLi\Connection->execute('INSERT INTO `da...')
#2 C:\xampp\htdocs\qakalkual\system\Database\BaseConnection.php(648): CodeIgniter\Database\BaseConnection->simpleQuery('INSERT INTO `da...')
#3 C:\xampp\htdocs\qakalkual\system\Database\BaseBuilder.php(2340): CodeIgniter\Database\BaseConnection->query('INSERT INTO `da...', Array, false)
#4 C:\xampp\htdocs\qakalkual\app\Models\Data_Admin.php(46): CodeIgniter\Database\BaseBuilder->insert(Array)
#5 C:\xampp\htdocs\qakalkual\app\Controllers\Admin_QA.php(101): App\Models\Data_Admin->submitbarangbaru(Array)
#6 C:\xampp\htdocs\qakalkual\system\CodeIgniter.php(933): App\Controllers\Admin_QA->submitbarangbaruadmin()
#7 C:\xampp\htdocs\qakalkual\system\CodeIgniter.php(509): CodeIgniter\CodeIgniter->runController(Object(App\Controllers\Admin_QA))
#8 C:\xampp\htdocs\qakalkual\system\CodeIgniter.php(355): CodeIgniter\CodeIgniter->handleRequest(NULL, Object(Config\Cache), false)
#9 C:\xampp\htdocs\qakalkual\system\Boot.php(325): CodeIgniter\CodeIgniter->run()
#10 C:\xampp\htdocs\qakalkual\system\Boot.php(67): CodeIgniter\Boot::runCodeIgniter(Object(CodeIgniter\CodeIgniter))
#11 C:\xampp\htdocs\qakalkual\public\index.php(56): CodeIgniter\Boot::bootWeb(Object(Config\Paths))
#12 C:\xampp\htdocs\qakalkual\system\rewrite.php(44): require_once('C:\\xampp\\htdocs...')
#13 {main}
CRITICAL - 2024-11-13 10:04:04 --> CodeIgniter\Database\Exceptions\DatabaseException: Duplicate entry '0' for key 'PRIMARY'
[Method: GET, Route: submitbarangbaruadmin]
in SYSTEMPATH\Database\BaseConnection.php on line 688.
 1 SYSTEMPATH\Database\BaseBuilder.php(2340): CodeIgniter\Database\BaseConnection->query('INSERT INTO `databarang_admin` (`kodebarang`, `namabarang`, `satuan`, `jumlah`, `nama`, `tanggal`, `tanggal_datang`) VALUES (:kodebarang:, :namabarang:, :satuan:, :jumlah:, :nama:, :tanggal:, :tanggal_datang:)', [...], false)
 2 APPPATH\Models\Data_Admin.php(46): CodeIgniter\Database\BaseBuilder->insert([...])
 3 APPPATH\Controllers\Admin_QA.php(101): App\Models\Data_Admin->submitbarangbaru([...])
 4 SYSTEMPATH\CodeIgniter.php(933): App\Controllers\Admin_QA->submitbarangbaruadmin()
 5 SYSTEMPATH\CodeIgniter.php(509): CodeIgniter\CodeIgniter->runController(Object(App\Controllers\Admin_QA))
 6 SYSTEMPATH\CodeIgniter.php(355): CodeIgniter\CodeIgniter->handleRequest(null, Object(Config\Cache), false)
 7 SYSTEMPATH\Boot.php(325): CodeIgniter\CodeIgniter->run()
 8 SYSTEMPATH\Boot.php(67): CodeIgniter\Boot::runCodeIgniter(Object(CodeIgniter\CodeIgniter))
 9 FCPATH\index.php(56): CodeIgniter\Boot::bootWeb(Object(Config\Paths))
10 SYSTEMPATH\rewrite.php(44): require_once('C:\\xampp\\htdocs\\qakalkual\\public\\index.php')
CRITICAL - 2024-11-13 10:04:04 --> [Caused by] CodeIgniter\Database\Exceptions\DatabaseException: Duplicate entry '0' for key 'PRIMARY'
in SYSTEMPATH\Database\MySQLi\Connection.php on line 317.
 1 SYSTEMPATH\Database\BaseConnection.php(734): CodeIgniter\Database\MySQLi\Connection->execute('INSERT INTO `databarang_admin` (`kodebarang`, `namabarang`, `satuan`, `jumlah`, `nama`, `tanggal`, `tanggal_datang`) VALUES (\'pengarisabc\', \'Baterai\', \'Pcs\', \'2\', \'Aisyah Novianti\', \'2024-11-13T17:04\', \'2024-11-12\')')
 2 SYSTEMPATH\Database\BaseConnection.php(648): CodeIgniter\Database\BaseConnection->simpleQuery('INSERT INTO `databarang_admin` (`kodebarang`, `namabarang`, `satuan`, `jumlah`, `nama`, `tanggal`, `tanggal_datang`) VALUES (\'pengarisabc\', \'Baterai\', \'Pcs\', \'2\', \'Aisyah Novianti\', \'2024-11-13T17:04\', \'2024-11-12\')')
 3 SYSTEMPATH\Database\BaseBuilder.php(2340): CodeIgniter\Database\BaseConnection->query('INSERT INTO `databarang_admin` (`kodebarang`, `namabarang`, `satuan`, `jumlah`, `nama`, `tanggal`, `tanggal_datang`) VALUES (:kodebarang:, :namabarang:, :satuan:, :jumlah:, :nama:, :tanggal:, :tanggal_datang:)', [...], false)
 4 APPPATH\Models\Data_Admin.php(46): CodeIgniter\Database\BaseBuilder->insert([...])
 5 APPPATH\Controllers\Admin_QA.php(101): App\Models\Data_Admin->submitbarangbaru([...])
 6 SYSTEMPATH\CodeIgniter.php(933): App\Controllers\Admin_QA->submitbarangbaruadmin()
 7 SYSTEMPATH\CodeIgniter.php(509): CodeIgniter\CodeIgniter->runController(Object(App\Controllers\Admin_QA))
 8 SYSTEMPATH\CodeIgniter.php(355): CodeIgniter\CodeIgniter->handleRequest(null, Object(Config\Cache), false)
 9 SYSTEMPATH\Boot.php(325): CodeIgniter\CodeIgniter->run()
10 SYSTEMPATH\Boot.php(67): CodeIgniter\Boot::runCodeIgniter(Object(CodeIgniter\CodeIgniter))
11 FCPATH\index.php(56): CodeIgniter\Boot::bootWeb(Object(Config\Paths))
12 SYSTEMPATH\rewrite.php(44): require_once('C:\\xampp\\htdocs\\qakalkual\\public\\index.php')
CRITICAL - 2024-11-13 10:04:04 --> [Caused by] mysqli_sql_exception: Duplicate entry '0' for key 'PRIMARY'
in SYSTEMPATH\Database\MySQLi\Connection.php on line 312.
 1 SYSTEMPATH\Database\MySQLi\Connection.php(312): mysqli->query('INSERT INTO `databarang_admin` (`kodebarang`, `namabarang`, `satuan`, `jumlah`, `nama`, `tanggal`, `tanggal_datang`) VALUES (\'pengarisabc\', \'Baterai\', \'Pcs\', \'2\', \'Aisyah Novianti\', \'2024-11-13T17:04\', \'2024-11-12\')', 0)
 2 SYSTEMPATH\Database\BaseConnection.php(734): CodeIgniter\Database\MySQLi\Connection->execute('INSERT INTO `databarang_admin` (`kodebarang`, `namabarang`, `satuan`, `jumlah`, `nama`, `tanggal`, `tanggal_datang`) VALUES (\'pengarisabc\', \'Baterai\', \'Pcs\', \'2\', \'Aisyah Novianti\', \'2024-11-13T17:04\', \'2024-11-12\')')
 3 SYSTEMPATH\Database\BaseConnection.php(648): CodeIgniter\Database\BaseConnection->simpleQuery('INSERT INTO `databarang_admin` (`kodebarang`, `namabarang`, `satuan`, `jumlah`, `nama`, `tanggal`, `tanggal_datang`) VALUES (\'pengarisabc\', \'Baterai\', \'Pcs\', \'2\', \'Aisyah Novianti\', \'2024-11-13T17:04\', \'2024-11-12\')')
 4 SYSTEMPATH\Database\BaseBuilder.php(2340): CodeIgniter\Database\BaseConnection->query('INSERT INTO `databarang_admin` (`kodebarang`, `namabarang`, `satuan`, `jumlah`, `nama`, `tanggal`, `tanggal_datang`) VALUES (:kodebarang:, :namabarang:, :satuan:, :jumlah:, :nama:, :tanggal:, :tanggal_datang:)', [...], false)
 5 APPPATH\Models\Data_Admin.php(46): CodeIgniter\Database\BaseBuilder->insert([...])
 6 APPPATH\Controllers\Admin_QA.php(101): App\Models\Data_Admin->submitbarangbaru([...])
 7 SYSTEMPATH\CodeIgniter.php(933): App\Controllers\Admin_QA->submitbarangbaruadmin()
 8 SYSTEMPATH\CodeIgniter.php(509): CodeIgniter\CodeIgniter->runController(Object(App\Controllers\Admin_QA))
 9 SYSTEMPATH\CodeIgniter.php(355): CodeIgniter\CodeIgniter->handleRequest(null, Object(Config\Cache), false)
10 SYSTEMPATH\Boot.php(325): CodeIgniter\CodeIgniter->run()
11 SYSTEMPATH\Boot.php(67): CodeIgniter\Boot::runCodeIgniter(Object(CodeIgniter\CodeIgniter))
12 FCPATH\index.php(56): CodeIgniter\Boot::bootWeb(Object(Config\Paths))
13 SYSTEMPATH\rewrite.php(44): require_once('C:\\xampp\\htdocs\\qakalkual\\public\\index.php')
INFO - 2024-11-13 10:04:36 --> Session: Class initialized using 'CodeIgniter\Session\Handlers\FileHandler' driver.
ERROR - 2024-11-13 10:04:36 --> mysqli_sql_exception: Duplicate entry '0' for key 'PRIMARY' in C:\xampp\htdocs\qakalkual\system\Database\MySQLi\Connection.php:312
Stack trace:
#0 C:\xampp\htdocs\qakalkual\system\Database\MySQLi\Connection.php(312): mysqli->query('INSERT INTO `da...', 0)
#1 C:\xampp\htdocs\qakalkual\system\Database\BaseConnection.php(734): CodeIgniter\Database\MySQLi\Connection->execute('INSERT INTO `da...')
#2 C:\xampp\htdocs\qakalkual\system\Database\BaseConnection.php(648): CodeIgniter\Database\BaseConnection->simpleQuery('INSERT INTO `da...')
#3 C:\xampp\htdocs\qakalkual\system\Database\BaseBuilder.php(2340): CodeIgniter\Database\BaseConnection->query('INSERT INTO `da...', Array, false)
#4 C:\xampp\htdocs\qakalkual\app\Models\Data_Admin.php(46): CodeIgniter\Database\BaseBuilder->insert(Array)
#5 C:\xampp\htdocs\qakalkual\app\Controllers\Admin_QA.php(101): App\Models\Data_Admin->submitbarangbaru(Array)
#6 C:\xampp\htdocs\qakalkual\system\CodeIgniter.php(933): App\Controllers\Admin_QA->submitbarangbaruadmin()
#7 C:\xampp\htdocs\qakalkual\system\CodeIgniter.php(509): CodeIgniter\CodeIgniter->runController(Object(App\Controllers\Admin_QA))
#8 C:\xampp\htdocs\qakalkual\system\CodeIgniter.php(355): CodeIgniter\CodeIgniter->handleRequest(NULL, Object(Config\Cache), false)
#9 C:\xampp\htdocs\qakalkual\system\Boot.php(325): CodeIgniter\CodeIgniter->run()
#10 C:\xampp\htdocs\qakalkual\system\Boot.php(67): CodeIgniter\Boot::runCodeIgniter(Object(CodeIgniter\CodeIgniter))
#11 C:\xampp\htdocs\qakalkual\public\index.php(56): CodeIgniter\Boot::bootWeb(Object(Config\Paths))
#12 C:\xampp\htdocs\qakalkual\system\rewrite.php(44): require_once('C:\\xampp\\htdocs...')
#13 {main}
CRITICAL - 2024-11-13 10:04:36 --> CodeIgniter\Database\Exceptions\DatabaseException: Duplicate entry '0' for key 'PRIMARY'
[Method: GET, Route: submitbarangbaruadmin]
in SYSTEMPATH\Database\BaseConnection.php on line 688.
 1 SYSTEMPATH\Database\BaseBuilder.php(2340): CodeIgniter\Database\BaseConnection->query('INSERT INTO `databarang_admin` (`kodebarang`, `namabarang`, `satuan`, `jumlah`, `nama`, `tanggal`, `tanggal_datang`) VALUES (:kodebarang:, :namabarang:, :satuan:, :jumlah:, :nama:, :tanggal:, :tanggal_datang:)', [...], false)
 2 APPPATH\Models\Data_Admin.php(46): CodeIgniter\Database\BaseBuilder->insert([...])
 3 APPPATH\Controllers\Admin_QA.php(101): App\Models\Data_Admin->submitbarangbaru([...])
 4 SYSTEMPATH\CodeIgniter.php(933): App\Controllers\Admin_QA->submitbarangbaruadmin()
 5 SYSTEMPATH\CodeIgniter.php(509): CodeIgniter\CodeIgniter->runController(Object(App\Controllers\Admin_QA))
 6 SYSTEMPATH\CodeIgniter.php(355): CodeIgniter\CodeIgniter->handleRequest(null, Object(Config\Cache), false)
 7 SYSTEMPATH\Boot.php(325): CodeIgniter\CodeIgniter->run()
 8 SYSTEMPATH\Boot.php(67): CodeIgniter\Boot::runCodeIgniter(Object(CodeIgniter\CodeIgniter))
 9 FCPATH\index.php(56): CodeIgniter\Boot::bootWeb(Object(Config\Paths))
10 SYSTEMPATH\rewrite.php(44): require_once('C:\\xampp\\htdocs\\qakalkual\\public\\index.php')
CRITICAL - 2024-11-13 10:04:36 --> [Caused by] CodeIgniter\Database\Exceptions\DatabaseException: Duplicate entry '0' for key 'PRIMARY'
in SYSTEMPATH\Database\MySQLi\Connection.php on line 317.
 1 SYSTEMPATH\Database\BaseConnection.php(734): CodeIgniter\Database\MySQLi\Connection->execute('INSERT INTO `databarang_admin` (`kodebarang`, `namabarang`, `satuan`, `jumlah`, `nama`, `tanggal`, `tanggal_datang`) VALUES (\'pengarisabc\', \'Baterai\', \'Pcs\', \'2\', \'Aisyah Novianti\', \'2024-11-13T17:04\', \'2024-11-12\')')
 2 SYSTEMPATH\Database\BaseConnection.php(648): CodeIgniter\Database\BaseConnection->simpleQuery('INSERT INTO `databarang_admin` (`kodebarang`, `namabarang`, `satuan`, `jumlah`, `nama`, `tanggal`, `tanggal_datang`) VALUES (\'pengarisabc\', \'Baterai\', \'Pcs\', \'2\', \'Aisyah Novianti\', \'2024-11-13T17:04\', \'2024-11-12\')')
 3 SYSTEMPATH\Database\BaseBuilder.php(2340): CodeIgniter\Database\BaseConnection->query('INSERT INTO `databarang_admin` (`kodebarang`, `namabarang`, `satuan`, `jumlah`, `nama`, `tanggal`, `tanggal_datang`) VALUES (:kodebarang:, :namabarang:, :satuan:, :jumlah:, :nama:, :tanggal:, :tanggal_datang:)', [...], false)
 4 APPPATH\Models\Data_Admin.php(46): CodeIgniter\Database\BaseBuilder->insert([...])
 5 APPPATH\Controllers\Admin_QA.php(101): App\Models\Data_Admin->submitbarangbaru([...])
 6 SYSTEMPATH\CodeIgniter.php(933): App\Controllers\Admin_QA->submitbarangbaruadmin()
 7 SYSTEMPATH\CodeIgniter.php(509): CodeIgniter\CodeIgniter->runController(Object(App\Controllers\Admin_QA))
 8 SYSTEMPATH\CodeIgniter.php(355): CodeIgniter\CodeIgniter->handleRequest(null, Object(Config\Cache), false)
 9 SYSTEMPATH\Boot.php(325): CodeIgniter\CodeIgniter->run()
10 SYSTEMPATH\Boot.php(67): CodeIgniter\Boot::runCodeIgniter(Object(CodeIgniter\CodeIgniter))
11 FCPATH\index.php(56): CodeIgniter\Boot::bootWeb(Object(Config\Paths))
12 SYSTEMPATH\rewrite.php(44): require_once('C:\\xampp\\htdocs\\qakalkual\\public\\index.php')
CRITICAL - 2024-11-13 10:04:36 --> [Caused by] mysqli_sql_exception: Duplicate entry '0' for key 'PRIMARY'
in SYSTEMPATH\Database\MySQLi\Connection.php on line 312.
 1 SYSTEMPATH\Database\MySQLi\Connection.php(312): mysqli->query('INSERT INTO `databarang_admin` (`kodebarang`, `namabarang`, `satuan`, `jumlah`, `nama`, `tanggal`, `tanggal_datang`) VALUES (\'pengarisabc\', \'Baterai\', \'Pcs\', \'2\', \'Aisyah Novianti\', \'2024-11-13T17:04\', \'2024-11-12\')', 0)
 2 SYSTEMPATH\Database\BaseConnection.php(734): CodeIgniter\Database\MySQLi\Connection->execute('INSERT INTO `databarang_admin` (`kodebarang`, `namabarang`, `satuan`, `jumlah`, `nama`, `tanggal`, `tanggal_datang`) VALUES (\'pengarisabc\', \'Baterai\', \'Pcs\', \'2\', \'Aisyah Novianti\', \'2024-11-13T17:04\', \'2024-11-12\')')
 3 SYSTEMPATH\Database\BaseConnection.php(648): CodeIgniter\Database\BaseConnection->simpleQuery('INSERT INTO `databarang_admin` (`kodebarang`, `namabarang`, `satuan`, `jumlah`, `nama`, `tanggal`, `tanggal_datang`) VALUES (\'pengarisabc\', \'Baterai\', \'Pcs\', \'2\', \'Aisyah Novianti\', \'2024-11-13T17:04\', \'2024-11-12\')')
 4 SYSTEMPATH\Database\BaseBuilder.php(2340): CodeIgniter\Database\BaseConnection->query('INSERT INTO `databarang_admin` (`kodebarang`, `namabarang`, `satuan`, `jumlah`, `nama`, `tanggal`, `tanggal_datang`) VALUES (:kodebarang:, :namabarang:, :satuan:, :jumlah:, :nama:, :tanggal:, :tanggal_datang:)', [...], false)
 5 APPPATH\Models\Data_Admin.php(46): CodeIgniter\Database\BaseBuilder->insert([...])
 6 APPPATH\Controllers\Admin_QA.php(101): App\Models\Data_Admin->submitbarangbaru([...])
 7 SYSTEMPATH\CodeIgniter.php(933): App\Controllers\Admin_QA->submitbarangbaruadmin()
 8 SYSTEMPATH\CodeIgniter.php(509): CodeIgniter\CodeIgniter->runController(Object(App\Controllers\Admin_QA))
 9 SYSTEMPATH\CodeIgniter.php(355): CodeIgniter\CodeIgniter->handleRequest(null, Object(Config\Cache), false)
10 SYSTEMPATH\Boot.php(325): CodeIgniter\CodeIgniter->run()
11 SYSTEMPATH\Boot.php(67): CodeIgniter\Boot::runCodeIgniter(Object(CodeIgniter\CodeIgniter))
12 FCPATH\index.php(56): CodeIgniter\Boot::bootWeb(Object(Config\Paths))
13 SYSTEMPATH\rewrite.php(44): require_once('C:\\xampp\\htdocs\\qakalkual\\public\\index.php')
INFO - 2024-11-13 10:04:37 --> Session: Class initialized using 'CodeIgniter\Session\Handlers\FileHandler' driver.
INFO - 2024-11-13 10:04:39 --> Session: Class initialized using 'CodeIgniter\Session\Handlers\FileHandler' driver.
INFO - 2024-11-13 10:05:08 --> Session: Class initialized using 'CodeIgniter\Session\Handlers\FileHandler' driver.
ERROR - 2024-11-13 10:05:08 --> mysqli_sql_exception: Duplicate entry '0' for key 'PRIMARY' in C:\xampp\htdocs\qakalkual\system\Database\MySQLi\Connection.php:312
Stack trace:
#0 C:\xampp\htdocs\qakalkual\system\Database\MySQLi\Connection.php(312): mysqli->query('INSERT INTO `da...', 0)
#1 C:\xampp\htdocs\qakalkual\system\Database\BaseConnection.php(734): CodeIgniter\Database\MySQLi\Connection->execute('INSERT INTO `da...')
#2 C:\xampp\htdocs\qakalkual\system\Database\BaseConnection.php(648): CodeIgniter\Database\BaseConnection->simpleQuery('INSERT INTO `da...')
#3 C:\xampp\htdocs\qakalkual\system\Database\BaseBuilder.php(2340): CodeIgniter\Database\BaseConnection->query('INSERT INTO `da...', Array, false)
#4 C:\xampp\htdocs\qakalkual\app\Models\Data_Admin.php(46): CodeIgniter\Database\BaseBuilder->insert(Array)
#5 C:\xampp\htdocs\qakalkual\app\Controllers\Admin_QA.php(101): App\Models\Data_Admin->submitbarangbaru(Array)
#6 C:\xampp\htdocs\qakalkual\system\CodeIgniter.php(933): App\Controllers\Admin_QA->submitbarangbaruadmin()
#7 C:\xampp\htdocs\qakalkual\system\CodeIgniter.php(509): CodeIgniter\CodeIgniter->runController(Object(App\Controllers\Admin_QA))
#8 C:\xampp\htdocs\qakalkual\system\CodeIgniter.php(355): CodeIgniter\CodeIgniter->handleRequest(NULL, Object(Config\Cache), false)
#9 C:\xampp\htdocs\qakalkual\system\Boot.php(325): CodeIgniter\CodeIgniter->run()
#10 C:\xampp\htdocs\qakalkual\system\Boot.php(67): CodeIgniter\Boot::runCodeIgniter(Object(CodeIgniter\CodeIgniter))
#11 C:\xampp\htdocs\qakalkual\public\index.php(56): CodeIgniter\Boot::bootWeb(Object(Config\Paths))
#12 C:\xampp\htdocs\qakalkual\system\rewrite.php(44): require_once('C:\\xampp\\htdocs...')
#13 {main}
CRITICAL - 2024-11-13 10:05:08 --> CodeIgniter\Database\Exceptions\DatabaseException: Duplicate entry '0' for key 'PRIMARY'
[Method: GET, Route: submitbarangbaruadmin]
in SYSTEMPATH\Database\BaseConnection.php on line 688.
 1 SYSTEMPATH\Database\BaseBuilder.php(2340): CodeIgniter\Database\BaseConnection->query('INSERT INTO `databarang_admin` (`kodebarang`, `namabarang`, `satuan`, `jumlah`, `nama`, `tanggal`, `tanggal_datang`) VALUES (:kodebarang:, :namabarang:, :satuan:, :jumlah:, :nama:, :tanggal:, :tanggal_datang:)', [...], false)
 2 APPPATH\Models\Data_Admin.php(46): CodeIgniter\Database\BaseBuilder->insert([...])
 3 APPPATH\Controllers\Admin_QA.php(101): App\Models\Data_Admin->submitbarangbaru([...])
 4 SYSTEMPATH\CodeIgniter.php(933): App\Controllers\Admin_QA->submitbarangbaruadmin()
 5 SYSTEMPATH\CodeIgniter.php(509): CodeIgniter\CodeIgniter->runController(Object(App\Controllers\Admin_QA))
 6 SYSTEMPATH\CodeIgniter.php(355): CodeIgniter\CodeIgniter->handleRequest(null, Object(Config\Cache), false)
 7 SYSTEMPATH\Boot.php(325): CodeIgniter\CodeIgniter->run()
 8 SYSTEMPATH\Boot.php(67): CodeIgniter\Boot::runCodeIgniter(Object(CodeIgniter\CodeIgniter))
 9 FCPATH\index.php(56): CodeIgniter\Boot::bootWeb(Object(Config\Paths))
10 SYSTEMPATH\rewrite.php(44): require_once('C:\\xampp\\htdocs\\qakalkual\\public\\index.php')
CRITICAL - 2024-11-13 10:05:08 --> [Caused by] CodeIgniter\Database\Exceptions\DatabaseException: Duplicate entry '0' for key 'PRIMARY'
in SYSTEMPATH\Database\MySQLi\Connection.php on line 317.
 1 SYSTEMPATH\Database\BaseConnection.php(734): CodeIgniter\Database\MySQLi\Connection->execute('INSERT INTO `databarang_admin` (`kodebarang`, `namabarang`, `satuan`, `jumlah`, `nama`, `tanggal`, `tanggal_datang`) VALUES (\'BTR_AAA\', \'Baterai\', \'ml\', \'2\', \'Aisyah Novianti\', \'2024-11-13T17:04\', \'2024-11-12\')')
 2 SYSTEMPATH\Database\BaseConnection.php(648): CodeIgniter\Database\BaseConnection->simpleQuery('INSERT INTO `databarang_admin` (`kodebarang`, `namabarang`, `satuan`, `jumlah`, `nama`, `tanggal`, `tanggal_datang`) VALUES (\'BTR_AAA\', \'Baterai\', \'ml\', \'2\', \'Aisyah Novianti\', \'2024-11-13T17:04\', \'2024-11-12\')')
 3 SYSTEMPATH\Database\BaseBuilder.php(2340): CodeIgniter\Database\BaseConnection->query('INSERT INTO `databarang_admin` (`kodebarang`, `namabarang`, `satuan`, `jumlah`, `nama`, `tanggal`, `tanggal_datang`) VALUES (:kodebarang:, :namabarang:, :satuan:, :jumlah:, :nama:, :tanggal:, :tanggal_datang:)', [...], false)
 4 APPPATH\Models\Data_Admin.php(46): CodeIgniter\Database\BaseBuilder->insert([...])
 5 APPPATH\Controllers\Admin_QA.php(101): App\Models\Data_Admin->submitbarangbaru([...])
 6 SYSTEMPATH\CodeIgniter.php(933): App\Controllers\Admin_QA->submitbarangbaruadmin()
 7 SYSTEMPATH\CodeIgniter.php(509): CodeIgniter\CodeIgniter->runController(Object(App\Controllers\Admin_QA))
 8 SYSTEMPATH\CodeIgniter.php(355): CodeIgniter\CodeIgniter->handleRequest(null, Object(Config\Cache), false)
 9 SYSTEMPATH\Boot.php(325): CodeIgniter\CodeIgniter->run()
10 SYSTEMPATH\Boot.php(67): CodeIgniter\Boot::runCodeIgniter(Object(CodeIgniter\CodeIgniter))
11 FCPATH\index.php(56): CodeIgniter\Boot::bootWeb(Object(Config\Paths))
12 SYSTEMPATH\rewrite.php(44): require_once('C:\\xampp\\htdocs\\qakalkual\\public\\index.php')
CRITICAL - 2024-11-13 10:05:08 --> [Caused by] mysqli_sql_exception: Duplicate entry '0' for key 'PRIMARY'
in SYSTEMPATH\Database\MySQLi\Connection.php on line 312.
 1 SYSTEMPATH\Database\MySQLi\Connection.php(312): mysqli->query('INSERT INTO `databarang_admin` (`kodebarang`, `namabarang`, `satuan`, `jumlah`, `nama`, `tanggal`, `tanggal_datang`) VALUES (\'BTR_AAA\', \'Baterai\', \'ml\', \'2\', \'Aisyah Novianti\', \'2024-11-13T17:04\', \'2024-11-12\')', 0)
 2 SYSTEMPATH\Database\BaseConnection.php(734): CodeIgniter\Database\MySQLi\Connection->execute('INSERT INTO `databarang_admin` (`kodebarang`, `namabarang`, `satuan`, `jumlah`, `nama`, `tanggal`, `tanggal_datang`) VALUES (\'BTR_AAA\', \'Baterai\', \'ml\', \'2\', \'Aisyah Novianti\', \'2024-11-13T17:04\', \'2024-11-12\')')
 3 SYSTEMPATH\Database\BaseConnection.php(648): CodeIgniter\Database\BaseConnection->simpleQuery('INSERT INTO `databarang_admin` (`kodebarang`, `namabarang`, `satuan`, `jumlah`, `nama`, `tanggal`, `tanggal_datang`) VALUES (\'BTR_AAA\', \'Baterai\', \'ml\', \'2\', \'Aisyah Novianti\', \'2024-11-13T17:04\', \'2024-11-12\')')
 4 SYSTEMPATH\Database\BaseBuilder.php(2340): CodeIgniter\Database\BaseConnection->query('INSERT INTO `databarang_admin` (`kodebarang`, `namabarang`, `satuan`, `jumlah`, `nama`, `tanggal`, `tanggal_datang`) VALUES (:kodebarang:, :namabarang:, :satuan:, :jumlah:, :nama:, :tanggal:, :tanggal_datang:)', [...], false)
 5 APPPATH\Models\Data_Admin.php(46): CodeIgniter\Database\BaseBuilder->insert([...])
 6 APPPATH\Controllers\Admin_QA.php(101): App\Models\Data_Admin->submitbarangbaru([...])
 7 SYSTEMPATH\CodeIgniter.php(933): App\Controllers\Admin_QA->submitbarangbaruadmin()
 8 SYSTEMPATH\CodeIgniter.php(509): CodeIgniter\CodeIgniter->runController(Object(App\Controllers\Admin_QA))
 9 SYSTEMPATH\CodeIgniter.php(355): CodeIgniter\CodeIgniter->handleRequest(null, Object(Config\Cache), false)
10 SYSTEMPATH\Boot.php(325): CodeIgniter\CodeIgniter->run()
11 SYSTEMPATH\Boot.php(67): CodeIgniter\Boot::runCodeIgniter(Object(CodeIgniter\CodeIgniter))
12 FCPATH\index.php(56): CodeIgniter\Boot::bootWeb(Object(Config\Paths))
13 SYSTEMPATH\rewrite.php(44): require_once('C:\\xampp\\htdocs\\qakalkual\\public\\index.php')
INFO - 2024-11-13 10:07:04 --> Session: Class initialized using 'CodeIgniter\Session\Handlers\FileHandler' driver.
INFO - 2024-11-13 10:07:07 --> Session: Class initialized using 'CodeIgniter\Session\Handlers\FileHandler' driver.
INFO - 2024-11-13 10:07:07 --> Session: Class initialized using 'CodeIgniter\Session\Handlers\FileHandler' driver.
INFO - 2024-11-13 10:07:59 --> Session: Class initialized using 'CodeIgniter\Session\Handlers\FileHandler' driver.
INFO - 2024-11-13 10:07:59 --> Session: Class initialized using 'CodeIgniter\Session\Handlers\FileHandler' driver.
INFO - 2024-11-13 10:08:03 --> Session: Class initialized using 'CodeIgniter\Session\Handlers\FileHandler' driver.
INFO - 2024-11-13 10:08:12 --> Session: Class initialized using 'CodeIgniter\Session\Handlers\FileHandler' driver.
INFO - 2024-11-13 10:08:12 --> Session: Class initialized using 'CodeIgniter\Session\Handlers\FileHandler' driver.
INFO - 2024-11-13 10:09:52 --> Session: Class initialized using 'CodeIgniter\Session\Handlers\FileHandler' driver.
INFO - 2024-11-13 10:09:56 --> Session: Class initialized using 'CodeIgniter\Session\Handlers\FileHandler' driver.
INFO - 2024-11-13 10:10:00 --> Session: Class initialized using 'CodeIgniter\Session\Handlers\FileHandler' driver.
INFO - 2024-11-13 10:10:02 --> Session: Class initialized using 'CodeIgniter\Session\Handlers\FileHandler' driver.
INFO - 2024-11-13 10:10:02 --> Session: Class initialized using 'CodeIgniter\Session\Handlers\FileHandler' driver.
INFO - 2024-11-13 10:11:26 --> Session: Class initialized using 'CodeIgniter\Session\Handlers\FileHandler' driver.
INFO - 2024-11-13 10:11:30 --> Session: Class initialized using 'CodeIgniter\Session\Handlers\FileHandler' driver.
INFO - 2024-11-13 10:11:33 --> Session: Class initialized using 'CodeIgniter\Session\Handlers\FileHandler' driver.
INFO - 2024-11-13 10:11:33 --> Session: Class initialized using 'CodeIgniter\Session\Handlers\FileHandler' driver.
INFO - 2024-11-13 10:12:15 --> Session: Class initialized using 'CodeIgniter\Session\Handlers\FileHandler' driver.
INFO - 2024-11-13 10:12:17 --> Session: Class initialized using 'CodeIgniter\Session\Handlers\FileHandler' driver.
INFO - 2024-11-13 10:12:22 --> Session: Class initialized using 'CodeIgniter\Session\Handlers\FileHandler' driver.
INFO - 2024-11-13 10:12:27 --> Session: Class initialized using 'CodeIgniter\Session\Handlers\FileHandler' driver.
INFO - 2024-11-13 10:12:37 --> Session: Class initialized using 'CodeIgniter\Session\Handlers\FileHandler' driver.
INFO - 2024-11-13 10:12:39 --> Session: Class initialized using 'CodeIgniter\Session\Handlers\FileHandler' driver.
INFO - 2024-11-13 10:12:39 --> Session: Class initialized using 'CodeIgniter\Session\Handlers\FileHandler' driver.
INFO - 2024-11-13 10:12:42 --> Session: Class initialized using 'CodeIgniter\Session\Handlers\FileHandler' driver.
INFO - 2024-11-13 10:12:51 --> Session: Class initialized using 'CodeIgniter\Session\Handlers\FileHandler' driver.
INFO - 2024-11-13 10:13:03 --> Session: Class initialized using 'CodeIgniter\Session\Handlers\FileHandler' driver.
INFO - 2024-11-13 10:13:03 --> Session: Class initialized using 'CodeIgniter\Session\Handlers\FileHandler' driver.
INFO - 2024-11-13 10:13:07 --> Session: Class initialized using 'CodeIgniter\Session\Handlers\FileHandler' driver.
INFO - 2024-11-13 10:13:10 --> Session: Class initialized using 'CodeIgniter\Session\Handlers\FileHandler' driver.
INFO - 2024-11-13 10:13:11 --> Session: Class initialized using 'CodeIgniter\Session\Handlers\FileHandler' driver.
INFO - 2024-11-13 10:13:13 --> Session: Class initialized using 'CodeIgniter\Session\Handlers\FileHandler' driver.
INFO - 2024-11-13 10:13:20 --> Session: Class initialized using 'CodeIgniter\Session\Handlers\FileHandler' driver.
INFO - 2024-11-13 10:13:25 --> Session: Class initialized using 'CodeIgniter\Session\Handlers\FileHandler' driver.
INFO - 2024-11-13 10:13:28 --> Session: Class initialized using 'CodeIgniter\Session\Handlers\FileHandler' driver.
INFO - 2024-11-13 10:13:30 --> Session: Class initialized using 'CodeIgniter\Session\Handlers\FileHandler' driver.
INFO - 2024-11-13 10:14:46 --> Session: Class initialized using 'CodeIgniter\Session\Handlers\FileHandler' driver.
INFO - 2024-11-13 10:14:49 --> Session: Class initialized using 'CodeIgniter\Session\Handlers\FileHandler' driver.
INFO - 2024-11-13 10:14:50 --> Session: Class initialized using 'CodeIgniter\Session\Handlers\FileHandler' driver.
INFO - 2024-11-13 10:14:52 --> Session: Class initialized using 'CodeIgniter\Session\Handlers\FileHandler' driver.
INFO - 2024-11-13 10:14:54 --> Session: Class initialized using 'CodeIgniter\Session\Handlers\FileHandler' driver.
INFO - 2024-11-13 10:14:55 --> Session: Class initialized using 'CodeIgniter\Session\Handlers\FileHandler' driver.
INFO - 2024-11-13 10:14:58 --> Session: Class initialized using 'CodeIgniter\Session\Handlers\FileHandler' driver.
INFO - 2024-11-13 10:15:17 --> Session: Class initialized using 'CodeIgniter\Session\Handlers\FileHandler' driver.
INFO - 2024-11-13 10:15:18 --> Session: Class initialized using 'CodeIgniter\Session\Handlers\FileHandler' driver.
INFO - 2024-11-13 10:15:21 --> Session: Class initialized using 'CodeIgniter\Session\Handlers\FileHandler' driver.
INFO - 2024-11-13 10:15:22 --> Session: Class initialized using 'CodeIgniter\Session\Handlers\FileHandler' driver.
INFO - 2024-11-13 10:15:26 --> Session: Class initialized using 'CodeIgniter\Session\Handlers\FileHandler' driver.
INFO - 2024-11-13 10:15:32 --> Session: Class initialized using 'CodeIgniter\Session\Handlers\FileHandler' driver.
INFO - 2024-11-13 10:15:32 --> Session: Class initialized using 'CodeIgniter\Session\Handlers\FileHandler' driver.
INFO - 2024-11-13 10:15:39 --> Session: Class initialized using 'CodeIgniter\Session\Handlers\FileHandler' driver.
INFO - 2024-11-13 10:15:40 --> Session: Class initialized using 'CodeIgniter\Session\Handlers\FileHandler' driver.
INFO - 2024-11-13 10:15:42 --> Session: Class initialized using 'CodeIgniter\Session\Handlers\FileHandler' driver.
INFO - 2024-11-13 10:15:46 --> Session: Class initialized using 'CodeIgniter\Session\Handlers\FileHandler' driver.
INFO - 2024-11-13 10:16:29 --> Session: Class initialized using 'CodeIgniter\Session\Handlers\FileHandler' driver.
INFO - 2024-11-13 10:16:35 --> Session: Class initialized using 'CodeIgniter\Session\Handlers\FileHandler' driver.
INFO - 2024-11-13 10:16:58 --> Session: Class initialized using 'CodeIgniter\Session\Handlers\FileHandler' driver.
INFO - 2024-11-13 10:17:00 --> Session: Class initialized using 'CodeIgniter\Session\Handlers\FileHandler' driver.
INFO - 2024-11-13 10:17:00 --> Session: Class initialized using 'CodeIgniter\Session\Handlers\FileHandler' driver.
INFO - 2024-11-13 10:17:02 --> Session: Class initialized using 'CodeIgniter\Session\Handlers\FileHandler' driver.
INFO - 2024-11-13 10:17:17 --> Session: Class initialized using 'CodeIgniter\Session\Handlers\FileHandler' driver.
INFO - 2024-11-13 10:18:36 --> Session: Class initialized using 'CodeIgniter\Session\Handlers\FileHandler' driver.
INFO - 2024-11-13 10:18:38 --> Session: Class initialized using 'CodeIgniter\Session\Handlers\FileHandler' driver.
INFO - 2024-11-13 10:18:47 --> Session: Class initialized using 'CodeIgniter\Session\Handlers\FileHandler' driver.
CRITICAL - 2024-11-13 10:18:47 --> CodeIgniter\View\Exceptions\ViewException: Invalid file: "/Form_ubah_barang.php"
[Method: GET, Route: ubah_barang_adminBTR_AB]
in SYSTEMPATH\Exceptions\FrameworkException.php on line 41.
 1 SYSTEMPATH\View\View.php(222): CodeIgniter\Exceptions\FrameworkException::forInvalidFile('/Form_ubah_barang.php')
 2 SYSTEMPATH\Common.php(1169): CodeIgniter\View\View->render('/Form_ubah_barang', [], true)
 3 APPPATH\Controllers\Admin_QA.php(151): view('/Form_ubah_barang', [...])
 4 SYSTEMPATH\CodeIgniter.php(933): App\Controllers\Admin_QA->ubahbarang('BTR_AB')
 5 SYSTEMPATH\CodeIgniter.php(509): CodeIgniter\CodeIgniter->runController(Object(App\Controllers\Admin_QA))
 6 SYSTEMPATH\CodeIgniter.php(355): CodeIgniter\CodeIgniter->handleRequest(null, Object(Config\Cache), false)
 7 SYSTEMPATH\Boot.php(325): CodeIgniter\CodeIgniter->run()
 8 SYSTEMPATH\Boot.php(67): CodeIgniter\Boot::runCodeIgniter(Object(CodeIgniter\CodeIgniter))
 9 FCPATH\index.php(56): CodeIgniter\Boot::bootWeb(Object(Config\Paths))
10 SYSTEMPATH\rewrite.php(44): require_once('C:\\xampp\\htdocs\\qakalkual\\public\\index.php')
INFO - 2024-11-13 10:19:18 --> Session: Class initialized using 'CodeIgniter\Session\Handlers\FileHandler' driver.
INFO - 2024-11-13 10:20:08 --> Session: Class initialized using 'CodeIgniter\Session\Handlers\FileHandler' driver.
INFO - 2024-11-13 10:23:36 --> Session: Class initialized using 'CodeIgniter\Session\Handlers\FileHandler' driver.
INFO - 2024-11-13 10:23:37 --> Session: Class initialized using 'CodeIgniter\Session\Handlers\FileHandler' driver.
INFO - 2024-11-13 10:24:42 --> Session: Class initialized using 'CodeIgniter\Session\Handlers\FileHandler' driver.
INFO - 2024-11-13 10:24:47 --> Session: Class initialized using 'CodeIgniter\Session\Handlers\FileHandler' driver.
INFO - 2024-11-13 10:25:23 --> Session: Class initialized using 'CodeIgniter\Session\Handlers\FileHandler' driver.
INFO - 2024-11-13 10:29:12 --> Session: Class initialized using 'CodeIgniter\Session\Handlers\FileHandler' driver.
INFO - 2024-11-13 10:35:21 --> Session: Class initialized using 'CodeIgniter\Session\Handlers\FileHandler' driver.
